<?xml version="1.0" encoding="UTF-8"?>
<testsuite xmlns:xsi="http://www.w3.org/2001/XMLSchema-instance" xsi:noNamespaceSchemaLocation="https://maven.apache.org/surefire/maven-surefire-plugin/xsd/surefire-test-report-3.0.xsd" version="3.0" name="com.vikas.Todo.TodoApplicationTests" time="3.804" tests="1" errors="0" skipped="0" failures="0">
  <properties>
[...]
</properties>
  <testcase name="contextLoads" classname="com.vikas.Todo.TodoApplicationTests" time="1.054">
    <system-out><![CDATA[19:57:01.384 [main] INFO org.springframework.test.context.support.AnnotationConfigContextLoaderUtils -- Could not detect default configuration classes for test class [com.vikas.Todo.TodoApplicationTests]: TodoApplicationTests does not declare any static, non-private, non-final, nested classes annotated with @Configuration.
19:57:01.757 [main] INFO org.springframework.boot.test.context.SpringBootTestContextBootstrapper -- Found @SpringBootConfiguration com.vikas.Todo.TodoApplication for test class com.vikas.Todo.TodoApplicationTests

  .   ____          _            __ _ _
 /\\ / ___'_ __ _ _(_)_ __  __ _ \ \ \ \
( ( )\___ | '_ | '_| | '_ \/ _` | \ \ \ \
 \\/  ___)| |_)| | | | | || (_| |  ) ) ) )
  '  |____| .__|_| |_|_| |_\__, | / / / /
 =========|_|==============|___/=/_/_/_/
 :: Spring Boot ::                (v3.1.3)

2023-08-31T19:57:02.429+05:30  INFO 31712 --- [           main] com.vikas.Todo.TodoApplicationTests      : Starting TodoApplicationTests using Java 20 with PID 31712 (started by Mainak in D:\full-stack-vikas\vikash-springboot\class-22-23-todo-app-api\Todo)
2023-08-31T19:57:02.431+05:30  INFO 31712 --- [           main] com.vikas.Todo.TodoApplicationTests      : No active profile set, falling back to 1 default profile: "default"
2023-08-31T19:57:03.899+05:30  INFO 31712 --- [           main] com.vikas.Todo.TodoApplicationTests      : Started TodoApplicationTests in 1.834 seconds (process running for 3.569)
]]></system-out>
  </testcase>
</testsuite>